[uWSGI] getting INI configuration from uwsgi.ini
*** Starting uWSGI 2.0.19.1 (64bit) on [Mon Mar 29 10:39:30 2021] ***
compiled with version: 7.5.0 on 28 March 2021 21:55:47
os: Linux-5.4.0-1040-gcp #43~18.04.1-Ubuntu SMP Sat Mar 20 14:37:40 UTC 2021
nodename: ttds-main
machine: x86_64
clock source: unix
pcre jit disabled
detected number of CPU cores: 2
current working directory: /home/moyuhao/ttds
detected binary path: /home/moyuhao/ttds/venv/bin/uwsgi
chdir() to /home/moyuhao/ttds
your processes number limit is 31671
your memory page size is 4096 bytes
detected max file descriptor number: 1024
lock engine: pthread robust mutexes
thunder lock: disabled (you can enable it with --thunder-lock)
uWSGI http bound on :5000 fd 4
uwsgi socket 0 bound to TCP address 127.0.0.1:35933 (port auto-assigned) fd 3
Python version: 3.6.9 (default, Jan 26 2021, 15:33:00)  [GCC 8.4.0]
Python main interpreter initialized at 0x55cd070544f0
python threads support enabled
your server socket listen backlog is limited to 100 connections
your mercy for graceful operations on workers is 60 seconds
mapped 416720 bytes (406 KB) for 8 cores
*** Operational MODE: preforking+threaded ***
WSGI app 0 (mountpoint='') ready in 0 seconds on interpreter 0x55cd070544f0 pid: 9690 (default app)
*** uWSGI is running in multiple interpreter mode ***
spawned uWSGI master process (pid: 9690)
spawned uWSGI worker 1 (pid: 9692, cores: 2)
spawned uWSGI worker 2 (pid: 9693, cores: 2)
spawned uWSGI worker 3 (pid: 9694, cores: 2)
spawned uWSGI worker 4 (pid: 9696, cores: 2)
spawned uWSGI http 1 (pid: 9697)
[pid: 9693|app: 0|req: 1/1] 31.205.104.216 () {36 vars in 625 bytes} [Mon Mar 29 10:40:10 2021] GET / => generated 859 bytes in 6 msecs (HTTP/1.1 200) 2 headers in 80 bytes (1 switches on core 0)
[pid: 9694|app: 0|req: 1/2] 31.205.104.216 () {40 vars in 718 bytes} [Mon Mar 29 10:40:10 2021] GET /static/index.css => generated 0 bytes in 2 msecs (HTTP/1.1 304) 4 headers in 182 bytes (0 switches on core 0)
[pid: 9694|app: 0|req: 2/3] 31.205.104.216 () {40 vars in 734 bytes} [Mon Mar 29 10:40:10 2021] GET /static/image.jpg => generated 0 bytes in 1 msecs (HTTP/1.1 304) 4 headers in 186 bytes (0 switches on core 1)
SIGINT/SIGQUIT received...killing workers...
gateway "uWSGI http 1" has been buried (pid: 9697)
worker 1 buried after 1 seconds
worker 2 buried after 1 seconds
worker 3 buried after 1 seconds
worker 4 buried after 1 seconds
goodbye to uWSGI.
[uWSGI] getting INI configuration from uwsgi.ini
